<?xml version="1.0" encoding="UTF-8"?>
<testng-results skipped="0" failed="0" ignored="0" total="2" passed="2">
  <reporter-output>
  </reporter-output>
  <suite name="OpenCart Test Suite" duration-ms="17912" started-at="2021-07-08T17:58:21 EDT" finished-at="2021-07-08T17:58:38 EDT">
    <groups>
      <group name="regression">
        <method signature="TC_001_AccountRegistration.test_account_Registration()[pri:0, instance:testCases.TC_001_AccountRegistration@7a9273a8]" name="test_account_Registration" class="testCases.TC_001_AccountRegistration"/>
      </group> <!-- regression -->
      <group name="sanity">
        <method signature="TC_002_Login.testLogin()[pri:0, instance:testCases.TC_002_Login@26a7b76d]" name="testLogin" class="testCases.TC_002_Login"/>
      </group> <!-- sanity -->
      <group name="master">
        <method signature="TC_001_AccountRegistration.test_account_Registration()[pri:0, instance:testCases.TC_001_AccountRegistration@7a9273a8]" name="test_account_Registration" class="testCases.TC_001_AccountRegistration"/>
        <method signature="TC_002_Login.testLogin()[pri:0, instance:testCases.TC_002_Login@26a7b76d]" name="testLogin" class="testCases.TC_002_Login"/>
      </group> <!-- master -->
    </groups>
    <test name="OpenCart Tests" duration-ms="17912" started-at="2021-07-08T17:58:21 EDT" finished-at="2021-07-08T17:58:38 EDT">
      <class name="testCases.TC_002_Login">
        <test-method status="PASS" signature="setup(java.lang.String)[pri:0, instance:testCases.TC_002_Login@26a7b76d]" name="setup" is-config="true" duration-ms="1611" started-at="2021-07-08T17:58:32 EDT" finished-at="2021-07-08T17:58:33 EDT">
          <params>
            <param index="0">
              <value>
                <![CDATA[chrome]]>
              </value>
            </param>
          </params>
          <reporter-output>
          </reporter-output>
        </test-method> <!-- setup -->
        <test-method status="PASS" signature="testLogin()[pri:0, instance:testCases.TC_002_Login@26a7b76d]" name="testLogin" duration-ms="4434" started-at="2021-07-08T17:58:33 EDT" finished-at="2021-07-08T17:58:38 EDT">
          <reporter-output>
          </reporter-output>
        </test-method> <!-- testLogin -->
        <test-method status="PASS" signature="tearDown()[pri:0, instance:testCases.TC_002_Login@26a7b76d]" name="tearDown" is-config="true" duration-ms="682" started-at="2021-07-08T17:58:38 EDT" finished-at="2021-07-08T17:58:38 EDT">
          <reporter-output>
          </reporter-output>
        </test-method> <!-- tearDown -->
      </class> <!-- testCases.TC_002_Login -->
      <class name="testCases.TC_001_AccountRegistration">
        <test-method status="PASS" signature="setup(java.lang.String)[pri:0, instance:testCases.TC_001_AccountRegistration@7a9273a8]" name="setup" is-config="true" duration-ms="4419" started-at="2021-07-08T17:58:21 EDT" finished-at="2021-07-08T17:58:25 EDT">
          <params>
            <param index="0">
              <value>
                <![CDATA[chrome]]>
              </value>
            </param>
          </params>
          <reporter-output>
          </reporter-output>
        </test-method> <!-- setup -->
        <test-method status="PASS" signature="test_account_Registration()[pri:0, instance:testCases.TC_001_AccountRegistration@7a9273a8]" name="test_account_Registration" duration-ms="5756" started-at="2021-07-08T17:58:25 EDT" finished-at="2021-07-08T17:58:31 EDT">
          <reporter-output>
          </reporter-output>
        </test-method> <!-- test_account_Registration -->
        <test-method status="PASS" signature="tearDown()[pri:0, instance:testCases.TC_001_AccountRegistration@7a9273a8]" name="tearDown" is-config="true" duration-ms="686" started-at="2021-07-08T17:58:31 EDT" finished-at="2021-07-08T17:58:32 EDT">
          <reporter-output>
          </reporter-output>
        </test-method> <!-- tearDown -->
      </class> <!-- testCases.TC_001_AccountRegistration -->
    </test> <!-- OpenCart Tests -->
  </suite> <!-- OpenCart Test Suite -->
</testng-results>
