<?xml version="1.0" encoding="UTF-8"?>
<testng-results ignored="0" total="1" passed="1" failed="0" skipped="0">
  <reporter-output>
  </reporter-output>
  <suite started-at="2021-06-25T16:36:28 EDT" name="Failed suite [OpenCart Test Suite]" finished-at="2021-06-25T16:36:37 EDT" duration-ms="9389">
    <groups>
      <group name="regression">
        <method signature="TC_001_AccountRegistration.test_account_Registration()[pri:0, instance:testCases.TC_001_AccountRegistration@306e95ec]" name="test_account_Registration" class="testCases.TC_001_AccountRegistration"/>
      </group> <!-- regression -->
      <group name="master">
        <method signature="TC_001_AccountRegistration.test_account_Registration()[pri:0, instance:testCases.TC_001_AccountRegistration@306e95ec]" name="test_account_Registration" class="testCases.TC_001_AccountRegistration"/>
      </group> <!-- master -->
    </groups>
    <test started-at="2021-06-25T16:36:28 EDT" name="OpenCart Tests(failed)" finished-at="2021-06-25T16:36:37 EDT" duration-ms="9389">
      <class name="testCases.TC_001_AccountRegistration">
        <test-method is-config="true" signature="setup(java.lang.String)[pri:0, instance:testCases.TC_001_AccountRegistration@306e95ec]" started-at="2021-06-25T16:36:28 EDT" name="setup" finished-at="2021-06-25T16:36:31 EDT" duration-ms="3227" status="PASS">
          <params>
            <param index="0">
              <value>
                <![CDATA[chrome]]>
              </value>
            </param>
          </params>
          <reporter-output>
          </reporter-output>
        </test-method> <!-- setup -->
        <test-method signature="test_account_Registration()[pri:0, instance:testCases.TC_001_AccountRegistration@306e95ec]" started-at="2021-06-25T16:36:31 EDT" name="test_account_Registration" finished-at="2021-06-25T16:36:36 EDT" duration-ms="5100" status="PASS">
          <reporter-output>
          </reporter-output>
        </test-method> <!-- test_account_Registration -->
        <test-method is-config="true" signature="tearDown()[pri:0, instance:testCases.TC_001_AccountRegistration@306e95ec]" started-at="2021-06-25T16:36:36 EDT" name="tearDown" finished-at="2021-06-25T16:36:37 EDT" duration-ms="661" status="PASS">
          <reporter-output>
          </reporter-output>
        </test-method> <!-- tearDown -->
      </class> <!-- testCases.TC_001_AccountRegistration -->
    </test> <!-- OpenCart Tests(failed) -->
  </suite> <!-- Failed suite [OpenCart Test Suite] -->
</testng-results>
